d:\win7_vostro\g_drive\vectorcast_copy\sky\10.opencv\workingdirectory\open_cv_project\open_cv_project\x64\debug\vc142.pdb
d:\win7_vostro\g_drive\vectorcast_copy\sky\10.opencv\workingdirectory\open_cv_project\open_cv_project\x64\debug\vc142.idb
d:\win7_vostro\g_drive\vectorcast_copy\sky\10.opencv\workingdirectory\open_cv_project\open_cv_project\x64\debug\project1_virtualboard.obj
d:\win7_vostro\g_drive\vectorcast_copy\sky\10.opencv\workingdirectory\open_cv_project\open_cv_project\x64\debug\identifycolorhsv.obj
d:\win7_vostro\g_drive\vectorcast_copy\sky\10.opencv\workingdirectory\open_cv_project\open_cv_project\x64\debug\ex_2.5_gaussianblurr.obj
d:\win7_vostro\g_drive\vectorcast_copy\sky\10.opencv\workingdirectory\open_cv_project\open_cv_project\x64\debug\ex2.4_addingslidebarinvideo.obj
d:\win7_vostro\g_drive\vectorcast_copy\sky\10.opencv\workingdirectory\open_cv_project\open_cv_project\x64\debug\ex2.11_writingvideo.obj
d:\win7_vostro\g_drive\vectorcast_copy\sky\10.opencv\workingdirectory\open_cv_project\open_cv_project\x64\debug\8. facedetection.obj
d:\win7_vostro\g_drive\vectorcast_copy\sky\10.opencv\workingdirectory\open_cv_project\open_cv_project\x64\debug\7.shapecontourdetection.obj
d:\win7_vostro\g_drive\vectorcast_copy\sky\10.opencv\workingdirectory\open_cv_project\open_cv_project\x64\debug\6.colordetection.obj
d:\win7_vostro\g_drive\vectorcast_copy\sky\10.opencv\workingdirectory\open_cv_project\open_cv_project\x64\debug\5.warpperspective.obj
d:\win7_vostro\g_drive\vectorcast_copy\sky\10.opencv\workingdirectory\open_cv_project\open_cv_project\x64\debug\4.drawingshapes.obj
d:\win7_vostro\g_drive\vectorcast_copy\sky\10.opencv\workingdirectory\open_cv_project\open_cv_project\x64\debug\3.resizecrop.obj
d:\win7_vostro\g_drive\vectorcast_copy\sky\10.opencv\workingdirectory\open_cv_project\open_cv_project\x64\debug\2.basicopencvfunction.obj
d:\win7_vostro\g_drive\vectorcast_copy\sky\10.opencv\workingdirectory\open_cv_project\open_cv_project\x64\debug\1.hello_opencv.obj
d:\win7_vostro\g_drive\vectorcast_copy\sky\10.opencv\workingdirectory\open_cv_project\x64\debug\open_cv_project.exe
d:\win7_vostro\g_drive\vectorcast_copy\sky\10.opencv\workingdirectory\open_cv_project\open_cv_project\x64\debug\open_cv_project.ilk
d:\win7_vostro\g_drive\vectorcast_copy\sky\10.opencv\workingdirectory\open_cv_project\x64\debug\open_cv_project.pdb
d:\win7_vostro\g_drive\vectorcast_copy\sky\10.opencv\workingdirectory\open_cv_project\open_cv_project\x64\debug\open_cv_project.tlog\cl.command.1.tlog
d:\win7_vostro\g_drive\vectorcast_copy\sky\10.opencv\workingdirectory\open_cv_project\open_cv_project\x64\debug\open_cv_project.tlog\cl.read.1.tlog
d:\win7_vostro\g_drive\vectorcast_copy\sky\10.opencv\workingdirectory\open_cv_project\open_cv_project\x64\debug\open_cv_project.tlog\cl.write.1.tlog
d:\win7_vostro\g_drive\vectorcast_copy\sky\10.opencv\workingdirectory\open_cv_project\open_cv_project\x64\debug\open_cv_project.tlog\link.command.1.tlog
d:\win7_vostro\g_drive\vectorcast_copy\sky\10.opencv\workingdirectory\open_cv_project\open_cv_project\x64\debug\open_cv_project.tlog\link.read.1.tlog
d:\win7_vostro\g_drive\vectorcast_copy\sky\10.opencv\workingdirectory\open_cv_project\open_cv_project\x64\debug\open_cv_project.tlog\link.write.1.tlog
